--------------------------------------------------------------------------------
Release 6.1.03i Trace G.26
Copyright (c) 1995-2003 Xilinx, Inc.  All rights reserved.

C:/Xilinx/bin/nt/trce.exe -intstyle ise -e 3 -l 3 -xml PointWriter
PointWriter.ncd -o PointWriter.twr PointWriter.pcf


Design file:              PointWriter.ncd
Physical constraint file: PointWriter.pcf
Device,speed:             xc2s100,-6 (PRODUCTION 1.27 2003-11-04)
Report level:             error report

Environment Variable      Effect 
--------------------      ------ 
NONE                      No environment variables were set
--------------------------------------------------------------------------------

INFO:Timing:2698 - No timing constraints found, doing default enumeration.
INFO:Timing:2752 - To get complete path coverage, use the unconstrained paths
   option. All paths that are not constrained will be reported in the
   unconstrained paths section(s) of the report.


Data Sheet report:
-----------------
All values displayed in nanoseconds (ns)

Setup/Hold to clock clock
------------+------------+------------+------------------+--------+
            |  Setup to  |  Hold to   |                  |  Clock |
Source      | clk (edge) | clk (edge) |Internal Clock(s) |  Phase |
------------+------------+------------+------------------+--------+
done_point  |    4.999(R)|   -2.654(R)|clock_BUFGP       |   0.000|
etype<0>    |    5.937(R)|   -3.651(R)|clock_BUFGP       |   0.000|
etype<1>    |    4.763(R)|   -2.846(R)|clock_BUFGP       |   0.000|
etype<2>    |    9.265(R)|   -4.735(R)|clock_BUFGP       |   0.000|
reset       |    6.465(R)|   -2.780(R)|clock_BUFGP       |   0.000|
xend<0>     |    5.825(R)|   -4.418(R)|clock_BUFGP       |   0.000|
xend<1>     |    5.738(R)|   -4.331(R)|clock_BUFGP       |   0.000|
xend<2>     |    6.008(R)|   -4.601(R)|clock_BUFGP       |   0.000|
xend<3>     |    6.054(R)|   -4.647(R)|clock_BUFGP       |   0.000|
xend<4>     |    5.944(R)|   -4.537(R)|clock_BUFGP       |   0.000|
xend<5>     |    6.277(R)|   -4.870(R)|clock_BUFGP       |   0.000|
xend<6>     |    6.074(R)|   -4.667(R)|clock_BUFGP       |   0.000|
xstart<0>   |    6.481(R)|   -3.806(R)|clock_BUFGP       |   0.000|
xstart<1>   |    7.827(R)|   -5.051(R)|clock_BUFGP       |   0.000|
xstart<2>   |    6.564(R)|   -3.889(R)|clock_BUFGP       |   0.000|
xstart<3>   |    6.369(R)|   -3.593(R)|clock_BUFGP       |   0.000|
xstart<4>   |    7.170(R)|   -4.495(R)|clock_BUFGP       |   0.000|
xstart<5>   |    6.541(R)|   -3.765(R)|clock_BUFGP       |   0.000|
xstart<6>   |    6.568(R)|   -3.893(R)|clock_BUFGP       |   0.000|
yend<0>     |    8.609(R)|   -7.340(R)|clock_BUFGP       |   0.000|
yend<1>     |    8.922(R)|   -7.653(R)|clock_BUFGP       |   0.000|
yend<2>     |    8.453(R)|   -7.184(R)|clock_BUFGP       |   0.000|
yend<3>     |    8.340(R)|   -7.071(R)|clock_BUFGP       |   0.000|
yend<4>     |    9.697(R)|   -8.428(R)|clock_BUFGP       |   0.000|
yend<5>     |    9.776(R)|   -8.507(R)|clock_BUFGP       |   0.000|
ystart<0>   |   10.561(R)|   -8.349(R)|clock_BUFGP       |   0.000|
ystart<1>   |    9.608(R)|   -7.295(R)|clock_BUFGP       |   0.000|
ystart<2>   |    9.631(R)|   -7.419(R)|clock_BUFGP       |   0.000|
ystart<3>   |   10.694(R)|   -8.381(R)|clock_BUFGP       |   0.000|
ystart<4>   |    9.126(R)|   -6.914(R)|clock_BUFGP       |   0.000|
ystart<5>   |   10.098(R)|   -7.785(R)|clock_BUFGP       |   0.000|
------------+------------+------------+------------------+--------+

Clock clock to Pad
------------+------------+------------------+--------+
            | clk (edge) |                  |  Clock |
Destination | to PAD     |Internal Clock(s) |  Phase |
------------+------------+------------------+--------+
donedge     |   13.262(R)|clock_BUFGP       |   0.000|
pvalid      |   14.942(R)|clock_BUFGP       |   0.000|
xval<1>     |   15.757(R)|clock_BUFGP       |   0.000|
xval<2>     |   14.089(R)|clock_BUFGP       |   0.000|
xval<3>     |   13.654(R)|clock_BUFGP       |   0.000|
xval<4>     |   14.464(R)|clock_BUFGP       |   0.000|
xval<5>     |   14.706(R)|clock_BUFGP       |   0.000|
xval<6>     |   14.414(R)|clock_BUFGP       |   0.000|
xval<7>     |   14.224(R)|clock_BUFGP       |   0.000|
yval<0>     |   15.618(R)|clock_BUFGP       |   0.000|
yval<1>     |   15.548(R)|clock_BUFGP       |   0.000|
yval<2>     |   14.732(R)|clock_BUFGP       |   0.000|
yval<3>     |   15.379(R)|clock_BUFGP       |   0.000|
yval<4>     |   15.600(R)|clock_BUFGP       |   0.000|
yval<5>     |   15.270(R)|clock_BUFGP       |   0.000|
------------+------------+------------------+--------+

Clock to Setup on destination clock clock
---------------+---------+---------+---------+---------+
               | Src:Rise| Src:Fall| Src:Rise| Src:Fall|
Source Clock   |Dest:Rise|Dest:Rise|Dest:Fall|Dest:Fall|
---------------+---------+---------+---------+---------+
clock          |   10.737|         |         |         |
---------------+---------+---------+---------+---------+

Pad to Pad
---------------+---------------+---------+
Source Pad     |Destination Pad|  Delay  |
---------------+---------------+---------+
etype<0>       |pvalid         |    9.236|
etype<0>       |xval<1>        |   13.029|
etype<0>       |xval<2>        |   11.809|
etype<0>       |xval<3>        |   11.659|
etype<0>       |xval<4>        |   11.862|
etype<0>       |xval<5>        |   12.340|
etype<0>       |xval<6>        |   11.521|
etype<0>       |xval<7>        |   12.009|
etype<0>       |yval<0>        |   12.623|
etype<0>       |yval<1>        |   12.823|
etype<0>       |yval<2>        |   12.537|
etype<0>       |yval<3>        |   12.585|
etype<0>       |yval<4>        |   12.767|
etype<0>       |yval<5>        |   12.931|
etype<1>       |pvalid         |    8.869|
etype<1>       |xval<1>        |   12.986|
etype<1>       |xval<2>        |   11.766|
etype<1>       |xval<3>        |   11.616|
etype<1>       |xval<4>        |   11.819|
etype<1>       |xval<5>        |   12.297|
etype<1>       |xval<6>        |   11.478|
etype<1>       |xval<7>        |   11.966|
etype<1>       |yval<0>        |   12.496|
etype<1>       |yval<1>        |   12.696|
etype<1>       |yval<2>        |   12.410|
etype<1>       |yval<3>        |   12.458|
etype<1>       |yval<4>        |   12.640|
etype<1>       |yval<5>        |   12.804|
etype<2>       |donedge        |   11.998|
etype<2>       |pvalid         |   10.652|
etype<2>       |xval<1>        |   13.923|
etype<2>       |xval<2>        |   10.449|
etype<2>       |xval<3>        |   10.023|
etype<2>       |xval<4>        |   12.658|
etype<2>       |xval<5>        |   10.701|
etype<2>       |xval<6>        |   11.084|
etype<2>       |xval<7>        |   10.696|
etype<2>       |yval<0>        |   13.097|
etype<2>       |yval<1>        |   13.440|
etype<2>       |yval<2>        |   12.575|
etype<2>       |yval<3>        |   12.747|
etype<2>       |yval<4>        |   13.376|
etype<2>       |yval<5>        |   12.676|
xend<0>        |pvalid         |   12.025|
xend<0>        |xval<1>        |   13.555|
xend<0>        |xval<2>        |   11.887|
xend<0>        |xval<3>        |   11.452|
xend<0>        |xval<4>        |   12.020|
xend<0>        |xval<5>        |   12.504|
xend<0>        |xval<6>        |   12.212|
xend<0>        |xval<7>        |   12.022|
xend<1>        |pvalid         |   11.938|
xend<1>        |xval<1>        |   13.468|
xend<1>        |xval<2>        |   11.800|
xend<1>        |xval<3>        |   11.365|
xend<1>        |xval<4>        |   11.933|
xend<1>        |xval<5>        |   12.417|
xend<1>        |xval<6>        |   12.125|
xend<1>        |xval<7>        |   11.935|
xend<2>        |pvalid         |   12.208|
xend<2>        |xval<1>        |   13.738|
xend<2>        |xval<2>        |   12.070|
xend<2>        |xval<3>        |   11.635|
xend<2>        |xval<4>        |   12.203|
xend<2>        |xval<5>        |   12.687|
xend<2>        |xval<6>        |   12.395|
xend<2>        |xval<7>        |   12.205|
xend<3>        |pvalid         |   12.254|
xend<3>        |xval<1>        |   13.784|
xend<3>        |xval<2>        |   12.116|
xend<3>        |xval<3>        |   11.681|
xend<3>        |xval<4>        |   12.249|
xend<3>        |xval<5>        |   12.733|
xend<3>        |xval<6>        |   12.441|
xend<3>        |xval<7>        |   12.251|
xend<4>        |pvalid         |   12.144|
xend<4>        |xval<1>        |   13.674|
xend<4>        |xval<2>        |   12.006|
xend<4>        |xval<3>        |   11.571|
xend<4>        |xval<4>        |   12.139|
xend<4>        |xval<5>        |   12.623|
xend<4>        |xval<6>        |   12.331|
xend<4>        |xval<7>        |   12.141|
xend<5>        |pvalid         |   12.477|
xend<5>        |xval<1>        |   14.007|
xend<5>        |xval<2>        |   12.339|
xend<5>        |xval<3>        |   11.904|
xend<5>        |xval<4>        |   12.472|
xend<5>        |xval<5>        |   12.956|
xend<5>        |xval<6>        |   12.664|
xend<5>        |xval<7>        |   12.474|
xend<6>        |pvalid         |   12.274|
xend<6>        |xval<1>        |   13.804|
xend<6>        |xval<2>        |   12.136|
xend<6>        |xval<3>        |   11.701|
xend<6>        |xval<4>        |   12.269|
xend<6>        |xval<5>        |   12.753|
xend<6>        |xval<6>        |   12.461|
xend<6>        |xval<7>        |   12.271|
xstart<0>      |pvalid         |   11.781|
xstart<0>      |xval<1>        |   13.684|
xstart<0>      |xval<2>        |   11.932|
xstart<0>      |xval<3>        |   11.882|
xstart<0>      |xval<4>        |   12.799|
xstart<0>      |xval<5>        |   12.825|
xstart<0>      |xval<6>        |   12.619|
xstart<0>      |xval<7>        |   12.412|
xstart<1>      |pvalid         |   13.127|
xstart<1>      |xval<1>        |   15.030|
xstart<1>      |xval<2>        |   13.278|
xstart<1>      |xval<3>        |   13.228|
xstart<1>      |xval<4>        |   14.145|
xstart<1>      |xval<5>        |   14.171|
xstart<1>      |xval<6>        |   13.965|
xstart<1>      |xval<7>        |   13.758|
xstart<2>      |pvalid         |   11.864|
xstart<2>      |xval<1>        |   13.767|
xstart<2>      |xval<2>        |   12.015|
xstart<2>      |xval<3>        |   11.965|
xstart<2>      |xval<4>        |   12.882|
xstart<2>      |xval<5>        |   12.908|
xstart<2>      |xval<6>        |   12.702|
xstart<2>      |xval<7>        |   12.495|
xstart<3>      |pvalid         |   11.669|
xstart<3>      |xval<1>        |   13.572|
xstart<3>      |xval<2>        |   11.820|
xstart<3>      |xval<3>        |   11.770|
xstart<3>      |xval<4>        |   12.687|
xstart<3>      |xval<5>        |   12.713|
xstart<3>      |xval<6>        |   12.507|
xstart<3>      |xval<7>        |   12.300|
xstart<4>      |pvalid         |   12.470|
xstart<4>      |xval<1>        |   14.373|
xstart<4>      |xval<2>        |   12.621|
xstart<4>      |xval<3>        |   12.571|
xstart<4>      |xval<4>        |   13.488|
xstart<4>      |xval<5>        |   13.514|
xstart<4>      |xval<6>        |   13.308|
xstart<4>      |xval<7>        |   13.101|
xstart<5>      |pvalid         |   11.841|
xstart<5>      |xval<1>        |   13.744|
xstart<5>      |xval<2>        |   11.992|
xstart<5>      |xval<3>        |   11.942|
xstart<5>      |xval<4>        |   12.859|
xstart<5>      |xval<5>        |   12.885|
xstart<5>      |xval<6>        |   12.679|
xstart<5>      |xval<7>        |   12.472|
xstart<6>      |pvalid         |   11.868|
xstart<6>      |xval<1>        |   13.771|
xstart<6>      |xval<2>        |   12.019|
xstart<6>      |xval<3>        |   11.969|
xstart<6>      |xval<4>        |   12.886|
xstart<6>      |xval<5>        |   12.912|
xstart<6>      |xval<6>        |   12.706|
xstart<6>      |xval<7>        |   12.499|
yend<0>        |pvalid         |   12.883|
yend<0>        |yval<0>        |   13.559|
yend<0>        |yval<1>        |   13.471|
yend<0>        |yval<2>        |   12.209|
yend<0>        |yval<3>        |   13.320|
yend<0>        |yval<4>        |   13.541|
yend<0>        |yval<5>        |   13.211|
yend<1>        |pvalid         |   13.196|
yend<1>        |yval<0>        |   13.872|
yend<1>        |yval<1>        |   13.784|
yend<1>        |yval<2>        |   12.522|
yend<1>        |yval<3>        |   13.633|
yend<1>        |yval<4>        |   13.854|
yend<1>        |yval<5>        |   13.524|
yend<2>        |pvalid         |   12.727|
yend<2>        |yval<0>        |   13.403|
yend<2>        |yval<1>        |   13.315|
yend<2>        |yval<2>        |   12.053|
yend<2>        |yval<3>        |   13.164|
yend<2>        |yval<4>        |   13.385|
yend<2>        |yval<5>        |   13.055|
yend<3>        |pvalid         |   12.614|
yend<3>        |yval<0>        |   13.290|
yend<3>        |yval<1>        |   13.202|
yend<3>        |yval<2>        |   11.940|
yend<3>        |yval<3>        |   13.051|
yend<3>        |yval<4>        |   13.272|
yend<3>        |yval<5>        |   12.942|
yend<4>        |pvalid         |   13.971|
yend<4>        |yval<0>        |   14.647|
yend<4>        |yval<1>        |   14.559|
yend<4>        |yval<2>        |   13.297|
yend<4>        |yval<3>        |   14.408|
yend<4>        |yval<4>        |   14.629|
yend<4>        |yval<5>        |   14.299|
yend<5>        |pvalid         |   14.050|
yend<5>        |yval<0>        |   14.726|
yend<5>        |yval<1>        |   14.638|
yend<5>        |yval<2>        |   13.376|
yend<5>        |yval<3>        |   14.487|
yend<5>        |yval<4>        |   14.708|
yend<5>        |yval<5>        |   14.378|
ystart<0>      |pvalid         |   14.870|
ystart<0>      |yval<0>        |   15.012|
ystart<0>      |yval<1>        |   15.478|
ystart<0>      |yval<2>        |   14.662|
ystart<0>      |yval<3>        |   14.794|
ystart<0>      |yval<4>        |   15.217|
ystart<0>      |yval<5>        |   14.840|
ystart<1>      |pvalid         |   13.917|
ystart<1>      |yval<0>        |   14.059|
ystart<1>      |yval<1>        |   14.525|
ystart<1>      |yval<2>        |   13.709|
ystart<1>      |yval<3>        |   13.841|
ystart<1>      |yval<4>        |   14.264|
ystart<1>      |yval<5>        |   13.887|
ystart<2>      |pvalid         |   13.940|
ystart<2>      |yval<0>        |   14.082|
ystart<2>      |yval<1>        |   14.548|
ystart<2>      |yval<2>        |   13.732|
ystart<2>      |yval<3>        |   13.864|
ystart<2>      |yval<4>        |   14.287|
ystart<2>      |yval<5>        |   13.910|
ystart<3>      |pvalid         |   15.003|
ystart<3>      |yval<0>        |   15.145|
ystart<3>      |yval<1>        |   15.611|
ystart<3>      |yval<2>        |   14.795|
ystart<3>      |yval<3>        |   14.927|
ystart<3>      |yval<4>        |   15.350|
ystart<3>      |yval<5>        |   14.973|
ystart<4>      |pvalid         |   13.435|
ystart<4>      |yval<0>        |   13.577|
ystart<4>      |yval<1>        |   14.043|
ystart<4>      |yval<2>        |   13.227|
ystart<4>      |yval<3>        |   13.359|
ystart<4>      |yval<4>        |   13.782|
ystart<4>      |yval<5>        |   13.405|
ystart<5>      |pvalid         |   14.407|
ystart<5>      |yval<0>        |   14.549|
ystart<5>      |yval<1>        |   15.015|
ystart<5>      |yval<2>        |   14.199|
ystart<5>      |yval<3>        |   14.331|
ystart<5>      |yval<4>        |   14.754|
ystart<5>      |yval<5>        |   14.377|
---------------+---------------+---------+

Analysis completed Wed Mar 03 14:11:36 2004
--------------------------------------------------------------------------------

Peak Memory Usage: 44 MB
