--------------------------------------------------------------------------------
Release 6.1.03i Trace G.26
Copyright (c) 1995-2003 Xilinx, Inc.  All rights reserved.

C:/Xilinx/bin/nt/trce.exe -intstyle ise -e 3 -l 3 -xml tcgrom tcgrom.ncd -o
tcgrom.twr tcgrom.pcf


Design file:              tcgrom.ncd
Physical constraint file: tcgrom.pcf
Device,speed:             xc2s100,-6 (PRODUCTION 1.27 2003-11-04)
Report level:             error report

Environment Variable      Effect 
--------------------      ------ 
NONE                      No environment variables were set
--------------------------------------------------------------------------------

INFO:Timing:2698 - No timing constraints found, doing default enumeration.
INFO:Timing:2752 - To get complete path coverage, use the unconstrained paths
   option. All paths that are not constrained will be reported in the
   unconstrained paths section(s) of the report.


Data Sheet report:
-----------------
All values displayed in nanoseconds (ns)

Pad to Pad
---------------+---------------+---------+
Source Pad     |Destination Pad|  Delay  |
---------------+---------------+---------+
addr<0>        |data<0>        |   18.003|
addr<0>        |data<1>        |   20.692|
addr<0>        |data<2>        |   23.074|
addr<0>        |data<3>        |   20.560|
addr<0>        |data<4>        |   18.849|
addr<0>        |data<5>        |   20.074|
addr<0>        |data<6>        |   21.204|
addr<0>        |data<7>        |   17.433|
addr<1>        |data<0>        |   18.728|
addr<1>        |data<1>        |   20.197|
addr<1>        |data<2>        |   22.579|
addr<1>        |data<3>        |   22.173|
addr<1>        |data<4>        |   20.462|
addr<1>        |data<5>        |   19.579|
addr<1>        |data<6>        |   20.709|
addr<1>        |data<7>        |   18.105|
addr<2>        |data<0>        |   17.070|
addr<2>        |data<1>        |   22.034|
addr<2>        |data<2>        |   24.416|
addr<2>        |data<3>        |   22.444|
addr<2>        |data<4>        |   20.733|
addr<2>        |data<5>        |   21.416|
addr<2>        |data<6>        |   22.546|
addr<2>        |data<7>        |   16.447|
addr<3>        |data<0>        |   16.801|
addr<3>        |data<1>        |   21.778|
addr<3>        |data<2>        |   24.160|
addr<3>        |data<3>        |   21.970|
addr<3>        |data<4>        |   20.259|
addr<3>        |data<5>        |   21.160|
addr<3>        |data<6>        |   22.290|
addr<3>        |data<7>        |   16.178|
addr<4>        |data<0>        |   17.478|
addr<4>        |data<1>        |   21.381|
addr<4>        |data<2>        |   23.763|
addr<4>        |data<3>        |   21.666|
addr<4>        |data<4>        |   19.955|
addr<4>        |data<5>        |   20.763|
addr<4>        |data<6>        |   21.893|
addr<4>        |data<7>        |   16.855|
addr<5>        |data<0>        |   18.044|
addr<5>        |data<1>        |   21.829|
addr<5>        |data<2>        |   24.211|
addr<5>        |data<3>        |   22.435|
addr<5>        |data<4>        |   20.724|
addr<5>        |data<5>        |   21.211|
addr<5>        |data<6>        |   22.341|
addr<5>        |data<7>        |   16.971|
addr<6>        |data<0>        |   17.944|
addr<6>        |data<1>        |   19.362|
addr<6>        |data<2>        |   21.744|
addr<6>        |data<3>        |   20.772|
addr<6>        |data<4>        |   19.061|
addr<6>        |data<5>        |   18.778|
addr<6>        |data<6>        |   18.177|
addr<6>        |data<7>        |   16.369|
addr<7>        |data<0>        |   17.461|
addr<7>        |data<1>        |   19.110|
addr<7>        |data<2>        |   21.492|
addr<7>        |data<3>        |   22.448|
addr<7>        |data<4>        |   20.737|
addr<7>        |data<5>        |   18.851|
addr<7>        |data<6>        |   18.586|
addr<7>        |data<7>        |   15.886|
addr<8>        |data<0>        |   17.737|
addr<8>        |data<1>        |   21.307|
addr<8>        |data<2>        |   23.689|
addr<8>        |data<3>        |   21.998|
addr<8>        |data<4>        |   20.287|
addr<8>        |data<5>        |   20.689|
addr<8>        |data<6>        |   21.819|
addr<8>        |data<7>        |   17.114|
---------------+---------------+---------+

Analysis completed Tue Mar 09 19:38:57 2004
--------------------------------------------------------------------------------

Peak Memory Usage: 43 MB
