Release 6.1.03i - xst G.26
Copyright (c) 1995-2003 Xilinx, Inc.  All rights reserved.
--> Parameter TMPDIR set to __projnav
CPU : 0.00 / 0.50 s | Elapsed : 0.00 / 0.00 s
 
--> Parameter xsthdpdir set to ./xst
CPU : 0.00 / 0.50 s | Elapsed : 0.00 / 0.00 s
 
--> Reading design: tcgrom.prj

TABLE OF CONTENTS
  1) Synthesis Options Summary
  2) HDL Compilation
  3) HDL Analysis
  4) HDL Synthesis
     4.1) HDL Synthesis Report
  5) Advanced HDL Synthesis
  6) Low Level Synthesis
  7) Final Report
     7.1) Device utilization summary
     7.2) TIMING REPORT


=========================================================================
*                      Synthesis Options Summary                        *
=========================================================================
---- Source Parameters
Input File Name                    : tcgrom.prj
Input Format                       : mixed
Ignore Synthesis Constraint File   : NO
Verilog Include Directory          : 

---- Target Parameters
Output File Name                   : tcgrom
Output Format                      : NGC
Target Device                      : xc2s100-6-tq144

---- Source Options
Top Module Name                    : tcgrom
Automatic FSM Extraction           : YES
FSM Encoding Algorithm             : Auto
FSM Style                          : lut
RAM Extraction                     : Yes
RAM Style                          : Auto
ROM Extraction                     : Yes
ROM Style                          : Auto
Mux Extraction                     : YES
Mux Style                          : Auto
Decoder Extraction                 : YES
Priority Encoder Extraction        : YES
Shift Register Extraction          : YES
Logical Shifter Extraction         : YES
XOR Collapsing                     : YES
Resource Sharing                   : YES
Multiplier Style                   : lut
Automatic Register Balancing       : No

---- Target Options
Add IO Buffers                     : YES
Global Maximum Fanout              : 100
Add Generic Clock Buffer(BUFG)     : 4
Register Duplication               : YES
Equivalent register Removal        : YES
Slice Packing                      : YES
Pack IO Registers into IOBs        : auto

---- General Options
Optimization Goal                  : Area
Optimization Effort                : 2
Keep Hierarchy                     : NO
Global Optimization                : AllClockNets
RTL Output                         : Yes
Write Timing Constraints           : NO
Hierarchy Separator                : _
Bus Delimiter                      : <>
Case Specifier                     : maintain
Slice Utilization Ratio            : 100
Slice Utilization Ratio Delta      : 5

---- Other Options
lso                                : tcgrom.lso
Read Cores                         : YES
cross_clock_analysis               : NO
verilog2001                        : YES
Optimize Instantiated Primitives   : NO

=========================================================================


=========================================================================
*                          HDL Compilation                              *
=========================================================================
Compiling source file "TCGROM.V"
Module <tcgrom> compiled
No errors in compilation
Analysis of file <tcgrom.prj> succeeded.
 

=========================================================================
*                            HDL Analysis                               *
=========================================================================
Analyzing top module <tcgrom>.
Module <tcgrom> is correct for synthesis.
 

=========================================================================
*                           HDL Synthesis                               *
=========================================================================

Synthesizing Unit <tcgrom>.
    Related source file is TCGROM.V.
Unit <tcgrom> synthesized.


=========================================================================
HDL Synthesis Report

Found no macro
=========================================================================

=========================================================================
*                       Advanced HDL Synthesis                          *
=========================================================================


=========================================================================
*                         Low Level Synthesis                           *
=========================================================================

Optimizing unit <tcgrom> ...
Loading device for application Xst from file 'v100.nph' in environment C:/Xilinx.

Mapping all equations...
Building and optimizing final netlist ...
Found area constraint ratio of 100 (+ 5) on block tcgrom, actual ratio is 10.

=========================================================================
*                            Final Report                               *
=========================================================================
Final Results
RTL Top Level Output File Name     : tcgrom.ngr
Top Level Output File Name         : tcgrom
Output Format                      : NGC
Optimization Goal                  : Area
Keep Hierarchy                     : NO

Design Statistics
# IOs                              : 17

Cell Usage :
# BELS                             : 211
#      LUT2                        : 22
#      LUT3                        : 32
#      LUT4                        : 151
#      MUXF5                       : 6
# IO Buffers                       : 17
#      IBUF                        : 9
#      OBUF                        : 8
=========================================================================

Device utilization summary:
---------------------------

Selected Device : 2s100tq144-6 

 Number of Slices:                     117  out of   1200     9%  
 Number of 4 input LUTs:               205  out of   2400     8%  
 Number of bonded IOBs:                 17  out of     96    17%  


=========================================================================
TIMING REPORT

NOTE: THESE TIMING NUMBERS ARE ONLY A SYNTHESIS ESTIMATE.
      FOR ACCURATE TIMING INFORMATION PLEASE REFER TO THE TRACE REPORT
      GENERATED AFTER PLACE-and-ROUTE.

Clock Information:
------------------
No clock signals found in this design

Timing Summary:
---------------
Speed Grade: -6

   Minimum period: No path found
   Minimum input arrival time before clock: No path found
   Maximum output required time after clock: No path found
   Maximum combinational path delay: 30.878ns

Timing Detail:
--------------
All values displayed in nanoseconds (ns)

-------------------------------------------------------------------------
Timing constraint: Default path analysis
Delay:               30.878ns (Levels of Logic = 15)
  Source:            addr<2> (PAD)
  Destination:       data<2> (PAD)

  Data Path: addr<2> to data<2>
                                Gate     Net
    Cell:in->out      fanout   Delay   Delay  Logical Name (Net Name)
    ----------------------------------------  ------------
     IBUF:I->O            56   0.776   4.500  addr_2_IBUF (addr_2_IBUF)
     LUT4:I2->O            1   0.549   1.035  _n0250156 (CHOICE2309)
     LUT2:I1->O            1   0.549   1.035  _n0250157 (CHOICE2310)
     LUT4:I3->O            1   0.549   1.035  _n0250225_SW0 (N22352)
     LUT4:I1->O            1   0.549   1.035  _n0250225 (CHOICE2324)
     LUT4:I0->O            1   0.549   1.035  _n0250243 (CHOICE2325)
     LUT4:I1->O            1   0.549   1.035  _n0250480_SW0_SW0 (N22454)
     LUT4:I2->O            1   0.549   1.035  _n0250480_SW0 (N22358)
     LUT4:I3->O            2   0.549   1.206  _n0250480 (N21015)
     LUT4:I0->O            1   0.549   1.035  Ker48814 (CHOICE2419)
     LUT2:I0->O            2   0.549   1.206  Ker4881312 (N21688)
     LUT4:I2->O            1   0.549   1.035  data<2>73 (CHOICE2385)
     LUT4:I3->O            1   0.549   1.035  data<2>88_SW1 (N22473)
     LUT4:I3->O            1   0.549   1.035  data<2>88 (data_2_OBUF)
     OBUF:I->O                 4.668          data_2_OBUF (data<2>)
    ----------------------------------------
    Total                     30.878ns (12.581ns logic, 18.297ns route)
                                       (40.7% logic, 59.3% route)

=========================================================================
CPU : 13.02 / 13.80 s | Elapsed : 13.00 / 13.00 s
 
--> 

Total memory usage is 63252 kilobytes


