2004.03.05 23:11 B C:\EE108a\TCruiserBLab\top_dog.bit --> transfer.stanford.edu /afs/ir/users/t/d/tdeane/WWW top_dog.bit
2004.03.05 23:22 B C:\EE108a\TCruiserBLab\top_dog.bit --> transfer.stanford.edu /afs/ir/users/t/d/tdeane/WWW top_dog.bit
2004.03.05 23:29 B C:\EE108a\TCruiserBLab\top_dog.bit --> transfer.stanford.edu /afs/ir/users/t/d/tdeane/WWW top_dog.bit
2004.03.05 23:43 B C:\EE108a\TCruiserBLab\top_dog.bit --> transfer.stanford.edu /afs/ir/users/t/d/tdeane/WWW top_dog.bit
2004.03.06 00:18 B C:\EE108a\TCruiserBLab\top_dog.bit --> transfer.stanford.edu /afs/ir/users/t/d/tdeane/WWW top_dog.bit
2004.03.06 01:58 B C:\EE108a\TunnelCruiser\top_dog.bit --> transfer.stanford.edu /afs/ir/users/t/d/tdeane/WWW top_dog.bit
2004.03.06 03:14 B C:\EE108a\TunnelCruiser\top_dog.bit --> transfer.stanford.edu /afs/ir/users/t/d/tdeane/WWW top_dog.bit
2004.03.06 13:22 B C:\EE108a\TunnelCruiser\top_dog.bit --> transfer.stanford.edu /afs/ir/users/t/d/tdeane/WWW top_dog.bit
2004.03.06 14:08 B C:\EE108a\TunnelCruiser\top_dog.bit --> transfer.stanford.edu /afs/ir/users/t/d/tdeane/WWW top_dog.bit
2004.03.06 14:16 B C:\EE108a\TunnelCruiser\top_dog.bit --> transfer.stanford.edu /afs/ir/users/t/d/tdeane/WWW top_dog.bit
2004.03.06 16:31 B C:\EE108a\TunnelCruiser\top_dog.bit --> transfer.stanford.edu /afs/ir/users/t/d/tdeane/WWW top_dog.bit
2004.03.06 23:33 B C:\EE108a\TunnelCruiser\top_dog.bit --> transfer.stanford.edu /afs/ir/users/t/d/tdeane/WWW top_dog.bit
2004.03.06 23:58 B C:\EE108a\TunnelCruiser\top_dog.bit --> transfer.stanford.edu /afs/ir/users/t/d/tdeane/WWW top_dog.bit
2004.03.07 00:48 B C:\EE108a\TunnelCruiser\top_dog.bit --> transfer.stanford.edu /afs/ir/users/t/d/tdeane/WWW top_dog.bit
2004.03.07 01:10 B C:\EE108a\TunnelCruiser\top_dog.bit --> transfer.stanford.edu /afs/ir/users/t/d/tdeane/WWW top_dog.bit
2004.03.07 01:30 B C:\EE108a\TunnelCruiser\top_dog.bit --> transfer.stanford.edu /afs/ir/users/t/d/tdeane/WWW top_dog.bit
2004.03.07 02:01 B C:\EE108a\TunnelCruiser\top_dog.bit --> transfer.stanford.edu /afs/ir/users/t/d/tdeane/WWW top_dog.bit
2004.03.07 02:17 B C:\EE108a\TunnelCruiser\top_dog.bit --> transfer.stanford.edu /afs/ir/users/t/d/tdeane/WWW top_dog.bit
2004.03.07 02:48 B C:\EE108a\TunnelCruiser\top_dog.bit --> transfer.stanford.edu /afs/ir/users/t/d/tdeane/WWW top_dog.bit
2004.03.07 02:53 B C:\EE108a\TunnelCruiser\top_dog.bit --> transfer.stanford.edu /afs/ir/users/t/d/tdeane/WWW top_dog.bit
2004.03.07 03:02 B C:\EE108a\TunnelCruiser\top_dog.bit --> transfer.stanford.edu /afs/ir/users/t/d/tdeane/WWW top_dog.bit
2004.03.07 03:12 B C:\EE108a\TunnelCruiser\top_dog.bit --> transfer.stanford.edu /afs/ir/users/t/d/tdeane/WWW top_dog.bit
2004.03.07 03:17 B C:\EE108a\TunnelCruiser\top_dog.bit --> transfer.stanford.edu /afs/ir/users/t/d/tdeane/WWW top_dog.bit
2004.03.07 03:35 B C:\EE108a\TunnelCruiser\top_dog.bit --> transfer.stanford.edu /afs/ir/users/t/d/tdeane/WWW top_dog.bit
2004.03.07 03:48 B C:\EE108a\TunnelCruiser\top_dog.bit --> transfer.stanford.edu /afs/ir/users/t/d/tdeane/WWW top_dog.bit
2004.03.07 03:57 B C:\EE108a\TunnelCruiser\top_dog.bit --> transfer.stanford.edu /afs/ir/users/t/d/tdeane/WWW top_dog.bit
2004.03.07 14:49 B C:\EE108a\TunnelCruiser\top_dog.bit --> transfer.stanford.edu /afs/ir/users/t/d/tdeane/WWW top_dog.bit
2004.03.07 21:36 B C:\EE108a\TunnelCruiser\top_dog.bit --> transfer.stanford.edu /afs/ir/users/t/d/tdeane/WWW top_dog.bit
2004.03.07 21:50 B C:\EE108a\TunnelCruiser\top_dog.bit --> transfer.stanford.edu /afs/ir/users/t/d/tdeane/WWW top_dog.bit
2004.03.07 21:56 B C:\EE108a\TunnelCruiser\top_dog.bit --> transfer.stanford.edu /afs/ir/users/t/d/tdeane/WWW top_dog.bit
2004.03.07 22:03 B C:\EE108a\TunnelCruiser\top_dog.bit --> transfer.stanford.edu /afs/ir/users/t/d/tdeane/WWW top_dog.bit
2004.03.07 22:22 B C:\EE108a\TunnelCruiser\top_dog.bit --> transfer.stanford.edu /afs/ir/users/t/d/tdeane/WWW top_dog.bit
2004.03.07 22:52 B C:\EE108a\TunnelCruiser\top_dog.bit --> transfer.stanford.edu /afs/ir/users/t/d/tdeane/WWW top_dog.bit
2004.03.07 23:09 B C:\EE108a\TunnelCruiser\top_dog.bit --> transfer.stanford.edu /afs/ir/users/t/d/tdeane/WWW top_dog.bit
2004.03.07 23:14 B C:\EE108a\TunnelCruiser\top_dog.bit --> transfer.stanford.edu /afs/ir/users/t/d/tdeane/WWW top_dog.bit
2004.03.07 23:45 B C:\EE108a\TunnelCruiser\top_dog.bit --> transfer.stanford.edu /afs/ir/users/t/d/tdeane/WWW top_dog.bit
2004.03.08 00:05 B C:\EE108a\TunnelCruiser\top_dog.bit --> transfer.stanford.edu /afs/ir/users/t/d/tdeane/WWW top_dog.bit
2004.03.08 01:03 B C:\EE108a\TunnelCruiser\top_dog.bit --> transfer.stanford.edu /afs/ir/users/t/d/tdeane/WWW top_dog.bit
2004.03.08 01:24 B C:\EE108a\TunnelCruiser\top_dog.bit --> transfer.stanford.edu /afs/ir/users/t/d/tdeane top_dog.bit
2004.03.08 01:27 B C:\EE108a\TunnelCruiser\top_dog.bit --> transfer.stanford.edu /afs/ir/users/t/d/tdeane/WWW top_dog.bit
2004.03.08 01:34 B C:\EE108a\TunnelCruiser\top_dog.bit --> transfer.stanford.edu /afs/ir/users/t/d/tdeane/WWW top_dog.bit
2004.03.08 02:14 B C:\EE108a\TunnelCruiser\top_dog.bit --> transfer.stanford.edu /afs/ir/users/t/d/tdeane/WWW top_dog.bit
2004.03.08 02:22 B C:\EE108a\TunnelCruiser\top_dog.bit --> transfer.stanford.edu /afs/ir/users/t/d/tdeane/WWW top_dog.bit
2004.03.08 03:10 B C:\EE108a\TunnelCruiser\top_dog.bit --> transfer.stanford.edu /afs/ir/users/t/d/tdeane/WWW top_dog.bit
2004.03.08 04:20 B C:\EE108a\TunnelCruiser\top_dog.bit --> transfer.stanford.edu /afs/ir/users/t/d/tdeane/WWW top_dog.bit
2004.03.08 04:40 B C:\EE108a\TunnelCruiser\top_dog.bit --> transfer.stanford.edu /afs/ir/users/t/d/tdeane/WWW top_dog.bit
2004.03.08 04:52 B C:\EE108a\TunnelCruiser\top_dog.bit --> transfer.stanford.edu /afs/ir/users/t/d/tdeane/WWW top_dog.bit
2004.03.08 23:34 B C:\EE108a\TunnelVga\top_dog.bit --> transfer.stanford.edu /afs/ir/users/t/d/tdeane/WWW top_dog.bit
2004.03.08 23:45 B C:\EE108a\TunnelVga\top_dog.bit --> transfer.stanford.edu /afs/ir/users/t/d/tdeane/WWW top_dog.bit
2004.03.08 23:56 B C:\EE108a\TunnelVga\top_dog.bit --> transfer.stanford.edu /afs/ir/users/t/d/tdeane/WWW top_dog.bit
2004.03.09 01:32 B C:\EE108a\TunnelVga\top_dog.bit --> transfer.stanford.edu /afs/ir/users/t/d/tdeane/WWW top_dog.bit
2004.03.09 01:45 B C:\EE108a\TunnelVga\top_dog.bit --> transfer.stanford.edu /afs/ir/users/t/d/tdeane/WWW top_dog.bit
2004.03.09 02:12 B C:\EE108a\TunnelVga\top_dog.bit --> transfer.stanford.edu /afs/ir/users/t/d/tdeane/WWW top_dog.bit
2004.03.09 02:18 B C:\EE108a\TunnelVga\top_dog.bit --> transfer.stanford.edu /afs/ir/users/t/d/tdeane/WWW top_dog.bit
2004.03.09 02:37 B C:\EE108a\TunnelVga\top_dog.bit --> transfer.stanford.edu /afs/ir/users/t/d/tdeane/WWW top_dog.bit
2004.03.09 02:54 B C:\EE108a\TunnelVga\top_dog.bit --> transfer.stanford.edu /afs/ir/users/t/d/tdeane/WWW top_dog.bit
2004.03.09 03:26 B C:\EE108a\TunnelVga\top_dog.bit --> transfer.stanford.edu /afs/ir/users/t/d/tdeane/WWW top_dog.bit
2004.03.09 03:35 B C:\EE108a\TunnelVga\top_dog.bit --> transfer.stanford.edu /afs/ir/users/t/d/tdeane/WWW top_dog.bit
2004.03.09 03:49 B C:\EE108a\TunnelVga\top_dog.bit --> transfer.stanford.edu /afs/ir/users/t/d/tdeane/WWW top_dog.bit
2004.03.09 04:03 B C:\EE108a\TunnelVga\top_dog.bit --> transfer.stanford.edu /afs/ir/users/t/d/tdeane/WWW top_dog.bit
2004.03.09 04:11 B C:\EE108a\TunnelVga\top_dog.bit --> transfer.stanford.edu /afs/ir/users/t/d/tdeane/WWW top_dog.bit
2004.03.09 19:41 B C:\EE108a\TunnelVga\top_dog.bit --> transfer.stanford.edu /afs/ir/users/t/d/tdeane/WWW top_dog.bit
2004.03.09 20:00 B C:\EE108a\TunnelVga\top_dog.bit --> transfer.stanford.edu /afs/ir/users/t/d/tdeane/WWW top_dog.bit
2004.03.09 20:06 B C:\EE108a\TunnelVga\top_dog.bit --> transfer.stanford.edu /afs/ir/users/t/d/tdeane/WWW top_dog.bit
2004.03.09 20:12 B C:\EE108a\TunnelVga\top_dog.bit --> transfer.stanford.edu /afs/ir/users/t/d/tdeane/WWW top_dog.bit
2004.03.09 20:27 B C:\EE108a\TunnelVga\top_dog.bit --> transfer.stanford.edu /afs/ir/users/t/d/tdeane/WWW top_dog.bit
2004.03.09 20:35 B C:\EE108a\TunnelVga\top_dog.bit --> transfer.stanford.edu /afs/ir/users/t/d/tdeane/WWW top_dog.bit
2004.03.09 20:42 B C:\EE108a\TunnelVga\top_dog.bit --> transfer.stanford.edu /afs/ir/users/t/d/tdeane/WWW top_dog.bit
2004.03.09 20:59 B C:\EE108a\TunnelVga\top_dog.bit --> transfer.stanford.edu /afs/ir/users/t/d/tdeane top_dog.bit
2004.03.09 21:05 B C:\EE108a\TunnelVga\top_dog.bit --> transfer.stanford.edu /afs/ir/users/t/d/tdeane/WWW top_dog.bit
2004.03.09 21:09 B C:\EE108a\TunnelVga\top_dog.bit --> transfer.stanford.edu /afs/ir/users/t/d/tdeane/WWW top_dog.bit
2004.03.09 21:16 B C:\EE108a\TunnelVga\top_dog.bit --> transfer.stanford.edu /afs/ir/users/t/d/tdeane/WWW top_dog.bit
2004.03.09 21:24 B C:\EE108a\TunnelVga\top_dog.bit --> transfer.stanford.edu /afs/ir/users/t/d/tdeane/WWW top_dog.bit
2004.03.09 21:47 B C:\EE108a\TunnelVga\top_dog.bit --> transfer.stanford.edu /afs/ir/users/t/d/tdeane/WWW top_dog.bit
2004.03.09 21:53 B C:\EE108a\TunnelVga\top_dog.bit --> transfer.stanford.edu /afs/ir/users/t/d/tdeane/WWW top_dog.bit
2004.03.09 22:09 B C:\EE108a\TunnelVga\top_dog.bit --> transfer.stanford.edu /afs/ir/users/t/d/tdeane/WWW top_dog.bit
2004.03.09 22:21 B C:\EE108a\TunnelVga\top_dog.bit --> transfer.stanford.edu /afs/ir/users/t/d/tdeane/WWW top_dog.bit
2004.03.09 23:08 B C:\EE108a\TunnelVga\top_dog.bit --> transfer.stanford.edu /afs/ir/users/t/d/tdeane/WWW top_dog.bit
2004.03.09 23:19 B C:\EE108a\TunnelVga\top_dog.bit --> transfer.stanford.edu /afs/ir/users/t/d/tdeane/WWW top_dog.bit
2004.03.09 23:27 B C:\EE108a\TunnelVga\top_dog.bit --> transfer.stanford.edu /afs/ir/users/t/d/tdeane/WWW top_dog.bit
2004.03.09 23:40 B C:\EE108a\TunnelVga\top_dog.bit --> transfer.stanford.edu /afs/ir/users/t/d/tdeane/WWW top_dog.bit
2004.03.10 00:00 B C:\EE108a\TunnelVga\top_dog.bit --> transfer.stanford.edu /afs/ir/users/t/d/tdeane/WWW top_dog.bit
2004.03.10 00:48 B C:\EE108a\TunnelVga\top_dog.bit --> transfer.stanford.edu /afs/ir/users/t/d/tdeane/WWW top_dog.bit
2004.03.10 00:54 B C:\EE108a\TunnelVga\top_dog.bit --> transfer.stanford.edu /afs/ir/users/t/d/tdeane/WWW top_dog.bit
2004.03.10 01:11 B C:\EE108a\TunnelVga\top_dog.bit --> transfer.stanford.edu /afs/ir/users/t/d/tdeane/WWW top_dog.bit
2004.03.10 01:20 B C:\EE108a\TunnelVga\top_dog.bit --> transfer.stanford.edu /afs/ir/users/t/d/tdeane/WWW top_dog.bit
2004.03.10 03:52 B C:\EE108a\TunnelVga\top_dog.bit --> transfer.stanford.edu /afs/ir/users/t/d/tdeane/WWW top_dog.bit
2004.03.10 04:00 B C:\EE108a\TunnelVga\top_dog.bit --> transfer.stanford.edu /afs/ir/users/t/d/tdeane/WWW top_dog.bit
2004.03.10 04:06 B C:\EE108a\TunnelVga\top_dog.bit --> transfer.stanford.edu /afs/ir/users/t/d/tdeane/WWW top_dog.bit
2004.03.10 04:12 B C:\EE108a\TunnelVga\top_dog.bit --> transfer.stanford.edu /afs/ir/users/t/d/tdeane/WWW top_dog.bit
2004.03.10 04:17 B C:\EE108a\TunnelVga\top_dog.bit --> transfer.stanford.edu /afs/ir/users/t/d/tdeane/WWW top_dog.bit
2004.03.10 04:23 B C:\EE108a\TunnelVga\top_dog.bit --> transfer.stanford.edu /afs/ir/users/t/d/tdeane/WWW top_dog.bit
2004.03.10 04:32 B C:\EE108a\TunnelVga\top_dog.bit --> transfer.stanford.edu /afs/ir/users/t/d/tdeane/WWW top_dog.bit
2004.03.10 04:38 B C:\EE108a\TunnelVga\top_dog.bit --> transfer.stanford.edu /afs/ir/users/t/d/tdeane/WWW top_dog.bit
2004.03.10 04:42 B C:\EE108a\TunnelVga\top_dog.bit --> transfer.stanford.edu /afs/ir/users/t/d/tdeane/WWW top_dog.bit
2004.03.10 04:49 B C:\EE108a\TunnelVga\top_dog.bit --> transfer.stanford.edu /afs/ir/users/t/d/tdeane/WWW top_dog.bit
2004.03.10 04:50 B C:\EE108a\TunnelVga\top_dog.bit --> transfer.stanford.edu /afs/ir/users/t/d/tdeane/WWW top_dog.bit
2004.03.10 05:04 B C:\EE108a\Pirate3\top_dog.bit --> transfer.stanford.edu /afs/ir/users/t/d/tdeane/WWW top_dog.bit
2004.03.10 05:12 B C:\EE108a\Pirate3\top_dog.bit --> transfer.stanford.edu /afs/ir/users/t/d/tdeane/WWW top_dog.bit
2004.03.10 05:22 B C:\EE108a\Pirate3\top_dog.bit --> transfer.stanford.edu /afs/ir/users/t/d/tdeane/WWW top_dog.bit
2004.03.10 05:27 B C:\EE108a\Pirate3\top_dog.bit --> transfer.stanford.edu /afs/ir/users/t/d/tdeane/WWW top_dog.bit
2004.03.10 05:44 B C:\EE108a\Pirate3\top_dog.bit --> transfer.stanford.edu /afs/ir/users/t/d/tdeane/WWW top_dog.bit
2004.03.10 05:58 B C:\EE108a\Pirate3\top_dog.bit --> transfer.stanford.edu /afs/ir/users/t/d/tdeane/WWW top_dog.bit
2004.03.10 06:07 B C:\EE108a\Pirate3\top_dog.bit --> transfer.stanford.edu /afs/ir/users/t/d/tdeane/WWW top_dog.bit
2004.03.10 06:28 B C:\EE108a\Pirate3\top_dog.bit --> transfer.stanford.edu /afs/ir/users/t/d/tdeane/WWW top_dog.bit
2004.03.10 06:58 B C:\EE108a\Pirate3\top_dog.bit --> transfer.stanford.edu /afs/ir/users/t/d/tdeane/WWW top_dog.bit
2004.03.10 07:16 B C:\EE108a\Pirate3\top_dog.bit --> transfer.stanford.edu /afs/ir/users/t/d/tdeane/WWW top_dog.bit
2004.03.10 07:22 B C:\EE108a\Pirate3\top_dog.bit --> transfer.stanford.edu /afs/ir/users/t/d/tdeane/WWW top_dog.bit
2004.03.10 11:21 B C:\EE108a\Pirate3\top_dog.bit --> transfer.stanford.edu /afs/ir/users/t/d/tdeane/WWW top_dog.bit
2004.03.10 11:31 B C:\EE108a\Pirate3\top_dog.bit --> transfer.stanford.edu /afs/ir/users/t/d/tdeane/WWW top_dog.bit
2004.03.10 11:35 B C:\EE108a\Pirate3\top_dog.bit --> transfer.stanford.edu /afs/ir/users/t/d/tdeane/WWW top_dog.bit
2004.03.10 11:40 B C:\EE108a\Pirate3\top_dog.bit --> transfer.stanford.edu /afs/ir/users/t/d/tdeane/WWW top_dog.bit
2004.03.10 11:54 B C:\EE108a\Pirate3\top_dog.bit --> transfer.stanford.edu /afs/ir/users/t/d/tdeane/WWW top_dog.bit
2004.03.10 12:00 B C:\EE108a\Pirate3\top_dog.bit --> transfer.stanford.edu /afs/ir/users/t/d/tdeane/WWW top_dog.bit
2004.03.10 17:05 B C:\EE108a\Pirate3\top_dog.bit --> transfer.stanford.edu /afs/ir/users/t/d/tdeane/WWW top_dog.bit
2004.03.10 17:11 B C:\EE108a\Pirate3\top_dog.bit --> transfer.stanford.edu /afs/ir/users/t/d/tdeane/WWW top_dog.bit
2004.03.10 17:22 B C:\EE108a\Pirate3\top_dog.bit --> transfer.stanford.edu /afs/ir/users/t/d/tdeane/WWW top_dog.bit
2004.03.10 17:29 B C:\EE108a\Pirate3\top_dog.bit --> transfer.stanford.edu /afs/ir/users/t/d/tdeane/WWW top_dog.bit
2004.03.10 17:41 B C:\EE108a\Pirate3\top_dog.bit --> transfer.stanford.edu /afs/ir/users/t/d/tdeane/WWW top_dog.bit
2004.03.10 17:51 B C:\EE108a\Pirate3\top_dog.bit --> transfer.stanford.edu /afs/ir/users/t/d/tdeane/WWW top_dog.bit
2004.03.10 17:55 B C:\EE108a\Pirate3\top_dog.bit --> transfer.stanford.edu /afs/ir/users/t/d/tdeane/WWW top_dog.bit
2004.03.10 17:59 B C:\EE108a\Pirate3\top_dog.bit --> transfer.stanford.edu /afs/ir/users/t/d/tdeane/WWW top_dog.bit
2004.03.10 18:38 B C:\EE108a\Pirate4\top_dog.bit --> transfer.stanford.edu /afs/ir/users/t/d/tdeane/WWW top_dog.bit
2004.03.10 18:42 B C:\EE108a\Pirate4\top_dog.bit --> transfer.stanford.edu /afs/ir/users/t/d/tdeane/WWW top_dog.bit
